<?xml version="1.0" encoding="UTF-8"?>
<testng-results ignored="0" total="1" passed="1" failed="0" skipped="0">
  <reporter-output>
  </reporter-output>
  <suite started-at="2020-04-16T20:46:02 IST" name="InetBankingV1" finished-at="2020-04-16T20:46:12 IST" duration-ms="10435">
    <groups>
    </groups>
    <test started-at="2020-04-16T20:46:02 IST" name="BankingApp Test" finished-at="2020-04-16T20:46:12 IST" duration-ms="10435">
      <class name="com.inetbanking.testCases.TC_LoginTest_001">
        <test-method is-config="true" signature="setup(java.lang.String)[pri:0, instance:com.inetbanking.testCases.TC_LoginTest_001@1d7acb34]" started-at="2020-04-16T20:46:02 IST" name="setup" finished-at="2020-04-16T20:46:08 IST" duration-ms="6635" status="PASS">
          <params>
            <param index="0">
              <value>
                <![CDATA[chrome]]>
              </value>
            </param>
          </params>
          <reporter-output>
          </reporter-output>
        </test-method> <!-- setup -->
        <test-method signature="loginTest()[pri:0, instance:com.inetbanking.testCases.TC_LoginTest_001@1d7acb34]" started-at="2020-04-16T20:46:08 IST" name="loginTest" finished-at="2020-04-16T20:46:11 IST" duration-ms="2174" status="PASS">
          <reporter-output>
          </reporter-output>
        </test-method> <!-- loginTest -->
        <test-method is-config="true" signature="tearDown()[pri:0, instance:com.inetbanking.testCases.TC_LoginTest_001@1d7acb34]" started-at="2020-04-16T20:46:11 IST" name="tearDown" finished-at="2020-04-16T20:46:12 IST" duration-ms="1352" status="PASS">
          <reporter-output>
          </reporter-output>
        </test-method> <!-- tearDown -->
      </class> <!-- com.inetbanking.testCases.TC_LoginTest_001 -->
    </test> <!-- BankingApp Test -->
  </suite> <!-- InetBankingV1 -->
</testng-results>
